<?xml version="1.0" encoding="UTF-8"?>
<!-- Generated by org.testng.reporters.JUnitXMLReporter -->
<testsuite hostname="Sachin-Sharma" ignored="0" name="Default test" tests="3" failures="0" timestamp="14 Mar 2022 15:32:28 GMT" time="26.574" errors="0">
  <testcase name="verifyHomePageTitleTest" time="0.57" classname="com.qa.trcrm.tests.HomePageTest"/>
  <testcase name="verifyHomePageHeaderTest" time="0.165" classname="com.qa.trcrm.tests.HomePageTest"/>
  <testcase name="verifyLoggedInUserTest" time="0.104" classname="com.qa.trcrm.tests.HomePageTest"/>
</testsuite> <!-- Default test -->
