<?xml version="1.0" encoding="UTF-8"?>
<!-- Generated by org.testng.reporters.JUnitXMLReporter -->
<testsuite hostname="Sachin-Sharma" ignored="0" name="sanity Test" tests="3" failures="0" timestamp="12 Mar 2022 08:43:16 GMT" time="25.705" errors="0">
  <testcase name="verifyLoginPageTitleTest" time="0.03" classname="com.qa.trcrm.tests.LoginPageTest"/>
  <testcase name="verifySignUpLinkTest" time="0.134" classname="com.qa.trcrm.tests.LoginPageTest"/>
  <testcase name="loginTest" time="10.612" classname="com.qa.trcrm.tests.LoginPageTest"/>
</testsuite> <!-- sanity Test -->
