<?xml version="1.0" encoding="UTF-8"?>
<!-- Generated by org.testng.reporters.JUnitXMLReporter -->
<testsuite hostname="Sachin-Sharma" ignored="0" name="sanity Test-chrome" tests="3" failures="0" timestamp="12 Mar 2022 17:06:22 GMT" time="28.101" errors="0">
  <testcase name="verifyLoginPageTitleTest" time="0.028" classname="com.qa.trcrm.tests.LoginPageTest2"/>
  <testcase name="verifySignUpLinkTest" time="0.171" classname="com.qa.trcrm.tests.LoginPageTest2"/>
  <testcase name="loginTest" time="15.937" classname="com.qa.trcrm.tests.LoginPageTest2"/>
</testsuite> <!-- sanity Test-chrome -->
