<?xml version="1.0" encoding="UTF-8"?>
<testsuite xmlns:xsi="http://www.w3.org/2001/XMLSchema-instance" xsi:noNamespaceSchemaLocation="https://maven.apache.org/surefire/maven-surefire-plugin/xsd/surefire-test-report.xsd" name="TestSuite" time="94.48" tests="6" errors="0" skipped="0" failures="1">
  <properties>
[...]
</properties>
  <testcase name="verifyLoginPageTitleTest" classname="com.qa.trcrm.tests.LoginPageTest" time="0.225"/>
  <testcase name="verifyHomePageTitleTest" classname="com.qa.trcrm.tests.HomePageTest" time="1.422"/>
  <testcase name="verifySignUpLinkTest" classname="com.qa.trcrm.tests.LoginPageTest" time="0.145"/>
  <testcase name="verifyHomePageHeaderTest" classname="com.qa.trcrm.tests.HomePageTest" time="0.175"/>
  <testcase name="loginTest" classname="com.qa.trcrm.tests.LoginPageTest" time="13.161"/>
  <testcase name="verifyLoggedInUserTest" classname="com.qa.trcrm.tests.HomePageTest" time="20.348">
    <failure message="Expected condition failed: waiting for presence of element located by: By.xpath: //span[text()=&apos; sachin sharma&apos;] (tried for 20 second(s) with 500 milliseconds interval)" type="org.openqa.selenium.TimeoutException">org.openqa.selenium.TimeoutException: Expected condition failed: waiting for presence of element located by: By.xpath: //span[text()=' sachin sharma'] (tried for 20 second(s) with 500 milliseconds interval)
	at com.qa.trcrm.tests.HomePageTest.verifyLoggedInUserTest(HomePageTest.java:46)
Caused by: org.openqa.selenium.NoSuchElementException: 
no such element: Unable to locate element: {"method":"xpath","selector":"//span[text()=' sachin sharma']"}
  (Session info: chrome=99.0.4844.51)
For documentation on this error, please visit: https://www.seleniumhq.org/exceptions/no_such_element.html
Build info: version: '3.141.59', revision: 'e82be7d358', time: '2018-11-14T08:17:03'
System info: host: 'SACHIN-SHARMA', ip: '192.168.43.210', os.name: 'Windows 10', os.arch: 'amd64', os.version: '10.0', java.version: '1.8.0_231'
Driver info: org.openqa.selenium.chrome.ChromeDriver
Capabilities {acceptInsecureCerts: false, browserName: chrome, browserVersion: 99.0.4844.51, chrome: {chromedriverVersion: 99.0.4844.51 (d537ec02474b5..., userDataDir: C:\Users\Dell\AppData\Local...}, goog:chromeOptions: {debuggerAddress: localhost:55355}, javascriptEnabled: true, networkConnectionEnabled: false, pageLoadStrategy: normal, platform: WINDOWS, platformName: WINDOWS, proxy: Proxy(), setWindowRect: true, strictFileInteractability: false, timeouts: {implicit: 0, pageLoad: 300000, script: 30000}, unhandledPromptBehavior: dismiss and notify, webauthn:extension:credBlob: true, webauthn:extension:largeBlob: true, webauthn:virtualAuthenticators: true}
Session ID: cadd367bffea7ec6604f5a7cdf4e9edd
*** Element info: {Using=xpath, value=//span[text()=' sachin sharma']}
	at com.qa.trcrm.tests.HomePageTest.verifyLoggedInUserTest(HomePageTest.java:46)
</failure>
    <system-out><![CDATA[I am in onTestSuccess method loginTest succeed
I am in onTestStart method verifyLoggedInUserTest start
]]></system-out>
  </testcase>
</testsuite>